IdentityVerification/IdentityVerificationKotlinExample/app/build/outputs/mapping/debug/seeds.txt
com.transmitsecurity.idvsdkdemoapp.ErrorFragment
com.transmitsecurity.idvsdkdemoapp.ProcessingFragment
com.transmitsecurity.idvsdkdemoapp.MyApplication
com.transmitsecurity.idvsdkdemoapp.RequiredCameraPermissions
com.transmitsecurity.idvsdkdemoapp.network.CreateSessionService
com.transmitsecurity.idvsdkdemoapp.MainActivity
com.transmitsecurity.idvsdkdemoapp.network.GetAccessTokenService
com.transmitsecurity.idvsdkdemoapp.CompleteFragment
com.transmitsecurity.idvsdkdemoapp.FirstFragment
com.transmitsecurity.idvsdkdemoapp.PreparationFragment
com.transmitsecurity.idvsdkdemoapp.PreparationFragment: PreparationFragment()
com.transmitsecurity.idvsdkdemoapp.RequiredCameraPermissions: RequiredCameraPermissions()
com.transmitsecurity.idvsdkdemoapp.network.CreteSessionRequest: CreteSessionRequest()
com.transmitsecurity.idvsdkdemoapp.network.GetAccessTokenService: retrofit2.Call getAccessToken(java.lang.String,java.lang.String,java.lang.String)
com.transmitsecurity.idvsdkdemoapp.ErrorFragment: ErrorFragment()
com.transmitsecurity.idvsdkdemoapp.viewmodel.IdvViewModel: IdvViewModel()
com.transmitsecurity.idvsdkdemoapp.FirstFragment: FirstFragment()
com.transmitsecurity.idvsdkdemoapp.ProcessingFragment: ProcessingFragment()
com.transmitsecurity.idvsdkdemoapp.network.CreateSessionService: retrofit2.Call creteSession(java.lang.String,com.transmitsecurity.idvsdkdemoapp.network.CreteSessionRequest)
com.transmitsecurity.idvsdkdemoapp.CompleteFragment: CompleteFragment()
com.transmitsecurity.idvsdkdemoapp.MainActivity: MainActivity()
com.transmitsecurity.idvsdkdemoapp.MyApplication: MyApplication()
...
androidx.appcompat.app.AppCompatActivity: AppCompatActivity()
androidx.constraintlayout.motion.widget.MotionLayout: void setTransition(int)
androidx.core.app.NavUtils$Api16Impl: android.content.Intent getParentActivityIntent(android.app.Activity)
androidx.appcompat.resources.Compatibility$Api21Impl: int getChangingConfigurations(android.content.res.TypedArray)
androidx.camera.core.impl.SessionConfig$SessionError: androidx.camera.core.impl.SessionConfig$SessionError valueOf(java.lang.String)
androidx.camera.core.impl.CameraInternal$State: androidx.camera.core.impl.CameraInternal$State valueOf(java.lang.String)
androidx.appcompat.widget.ListPopupWindow$Api29Impl: void setEpicenterBounds(android.widget.PopupWindow,android.graphics.Rect)
androidx.constraintlayout.motion.widget.KeyTimeCycle: KeyTimeCycle()
kotlin.internal.jdk8.JDK8PlatformImplementations: JDK8PlatformImplementations()
androidx.camera.core.impl.utils.ExifData$WhiteBalanceMode: androidx.camera.core.impl.utils.ExifData$WhiteBalanceMode valueOf(java.lang.String)
com.transmit.identityverification.ui.customviews.preview.camera.TSCameraView: com.transmit.identityverification.ui.camera.TSCameraViewListener getCameraViewListener()
androidx.work.Worker: com.google.common.util.concurrent.ListenableFuture startWork()
com.transmit.identityverification.manager.systemstatemanager.TSIdentityVerificationStatus: com.transmit.identityverification.manager.systemstatemanager.TSIdentityVerificationStatus valueOf(java.lang.String)
com.google.android.material.chip.Chip: com.google.android.material.animation.MotionSpec getHideMotionSpec()
androidx.core.view.ViewCompat$Api21Impl: void stopNestedScroll(android.view.View)
androidx.appcompat.widget.AppCompatToggleButton: androidx.appcompat.widget.AppCompatEmojiTextHelper getEmojiTextViewHelper()
com.google.crypto.tink.shaded.protobuf.WireFormat$FieldType: com.google.crypto.tink.shaded.protobuf.WireFormat$FieldType valueOf(java.lang.String)
com.google.android.material.button.MaterialButtonToggleGroup: int getLastVisibleChildIndex()
com.google.android.material.search.SearchBar: void setStrokeColor(int)
androidx.work.ArrayCreatingInputMerger: ArrayCreatingInputMerger()
androidx.core.view.ViewCompat$Api30Impl: void setStateDescription(android.view.View,java.lang.CharSequence)
com.google.android.material.chip.Chip: void setIconStartPadding(float)
androidx.appcompat.view.menu.ActionMenuItemView: void setItemInvoker(androidx.appcompat.view.menu.MenuBuilder$ItemInvoker)
androidx.appcompat.widget.AppCompatAutoCompleteTextView: void setCustomSelectionActionModeCallback(android.view.ActionMode$Callback)
androidx.core.view.WindowInsetsCompat$Impl20: void loadReflectionField()
androidx.appcompat.view.menu.ActionMenuItemView: java.lang.CharSequence getAccessibilityClassName()
com.google.crypto.tink.proto.AesCtrHmacAeadKey$Builder: AesCtrHmacAeadKey$Builder()
androidx.constraintlayout.helper.widget.Flow: void setHorizontalGap(int)
androidx.core.content.ContextCompat$Api21Impl: java.io.File getNoBackupFilesDir(android.content.Context)
androidx.appcompat.app.AppCompatActivity: void setSupportProgress(int)
androidx.appcompat.widget.AppCompatButton: int getAutoSizeMinTextSize()
androidx.fragment.app.FragmentContainerView: void setLayoutTransition(android.animation.LayoutTransition)
androidx.core.view.accessibility.AccessibilityRecordCompat$Api15Impl: void setMaxScrollX(android.view.accessibility.AccessibilityRecord,int)
androidx.camera.core.AspectRatio: AspectRatio()
androidx.vectordrawable.graphics.drawable.VectorDrawableCompat$VPathRenderer: void setAlpha(float)
com.google.android.material.button.MaterialButton: void setIconSize(int)
androidx.camera.view.PreviewView$ScaleType: androidx.camera.view.PreviewView$ScaleType valueOf(java.lang.String)
androidx.room.RoomDatabase: java.util.concurrent.locks.Lock getCloseLock()
androidx.core.view.ViewCompat$Api26Impl: boolean isImportantForAutofill(android.view.View)