IdentityVerification/IdentityVerificationKotlinExample/app/build/outputs/mapping/debug/mapping.txt
# compiler: R8
# compiler_version: 4.0.52
# min_api: 23
# common_typos_disable
# {"id":"com.android.tools.r8.mapping","version":"2.1"}
# pg_map_id: ecb194d
# pg_map_hash: SHA-256 ecb194db9be7ea6a808c2031a060b355709f4edb9e86791770214d8e203178dd
com.transmitsecurity.idvsdkdemoapp.CompleteFragment -> com.transmitsecurity.idvsdkdemoapp.CompleteFragment:
# {"id":"sourceFile","fileName":"CompleteFragment.kt"}
    6:6:void <init>() -> <init>
    16:16:java.lang.String getBtnTxt() -> getBtnTxt
    22:22:int getDrawing() -> getDrawing
    20:20:android.graphics.Typeface getSubTitleWeight() -> getSubTitleWeight
    14:14:java.lang.String getSubtitle() -> getSubtitle
    8:8:java.lang.String getTitle() -> getTitle
    18:18:android.graphics.Typeface getTitleWeight() -> getTitleWeight
    10:10:boolean getVisibleBtn() -> getVisibleBtn
    12:12:boolean getVisibleDrawing() -> getVisibleDrawing
    24:24:boolean getVisibleProgressBar() -> getVisibleProgressBar
    27:32:void myClickListener() -> myClickListener
com.transmitsecurity.idvsdkdemoapp.ErrorFragment -> com.transmitsecurity.idvsdkdemoapp.ErrorFragment:
# {"id":"sourceFile","fileName":"ErrorFragment.kt"}
    5:5:void <init>() -> <init>
    13:13:java.lang.String getBtnTxt() -> getBtnTxt
    19:19:int getDrawing() -> getDrawing
    17:17:android.graphics.Typeface getSubTitleWeight() -> getSubTitleWeight
    11:11:java.lang.String getSubtitle() -> getSubtitle
    7:7:java.lang.String getTitle() -> getTitle
    15:15:android.graphics.Typeface getTitleWeight() -> getTitleWeight
    9:9:boolean getVisibleBtn() -> getVisibleBtn
    21:21:boolean getVisibleDrawing() -> getVisibleDrawing
    23:23:boolean getVisibleProgressBar() -> getVisibleProgressBar
    26:26:void myClickListener() -> myClickListener
com.transmitsecurity.idvsdkdemoapp.FirstFragment -> com.transmitsecurity.idvsdkdemoapp.FirstFragment:
# {"id":"sourceFile","fileName":"FirstFragment.kt"}
    0:0:void $r8$lambda$8D1NBSjYaAqZbPT2n_PXgdU614U(com.transmitsecurity.idvsdkdemoapp.FirstFragment,android.view.View) -> $r8$lambda$8D1NBSjYaAqZbPT2n_PXgdU614U
      # {"id":"com.android.tools.r8.synthesized"}
    19:19:void <init>() -> <init>
    33:33:com.transmitsecurity.idvsdkdemoapp.databinding.FragemntFirstBinding getBinding() -> getBinding
    42:65:android.view.View onCreateView(android.view.LayoutInflater,android.view.ViewGroup,android.os.Bundle) -> onCreateView
    61:61:void onCreateView$lambda$0(com.transmitsecurity.idvsdkdemoapp.FirstFragment,android.view.View) -> onCreateView$lambda$0
com.transmitsecurity.idvsdkdemoapp.FirstFragment$$ExternalSyntheticLambda0 -> com.transmitsecurity.idvsdkdemoapp.FirstFragment$$ExternalSyntheticLambda0:
# {"id":"sourceFile","fileName":"R8$$SyntheticClass"}
# {"id":"com.android.tools.r8.synthesized"}
    com.transmitsecurity.idvsdkdemoapp.FirstFragment com.transmitsecurity.idvsdkdemoapp.FirstFragment$$InternalSyntheticLambda$1$5f17338f4f9807801076ce3cacc64fb9d8f588df9ceb2c7734e9ee88ec980132$0.f$0 -> f$0
    0:0:void com.transmitsecurity.idvsdkdemoapp.FirstFragment$$InternalSyntheticLambda$1$5f17338f4f9807801076ce3cacc64fb9d8f588df9ceb2c7734e9ee88ec980132$0.<init>(com.transmitsecurity.idvsdkdemoapp.FirstFragment) -> <init>
      # {"id":"com.android.tools.r8.synthesized"}
    0:0:void com.transmitsecurity.idvsdkdemoapp.FirstFragment$$InternalSyntheticLambda$1$5f17338f4f9807801076ce3cacc64fb9d8f588df9ceb2c7734e9ee88ec980132$0.onClick(android.view.View) -> onClick
      # {"id":"com.android.tools.r8.synthesized"}
...
androidx.appcompat.widget.ActionBarContextView$1 -> androidx.appcompat.widget.ActionBarContextView$1:
    172:172:void <init>(androidx.appcompat.widget.ActionBarContextView,androidx.appcompat.view.ActionMode) -> <init>
    175:176:void onClick(android.view.View) -> onClick
androidx.appcompat.widget.ActionBarOverlayLayout -> androidx.appcompat.widget.ActionBarOverlayLayout:
    147:147:void <clinit>() -> <clinit>
    71:163:void <init>(android.content.Context,android.util.AttributeSet) -> <init>
    741:743:void addActionBarHideOffset() -> addActionBarHideOffset
    287:305:boolean applyInsets(android.view.View,android.graphics.Rect,boolean,boolean,boolean,boolean) -> applyInsets
    822:823:boolean canShowOverflowMenu() -> canShowOverflowMenu
    404:404:boolean checkLayoutParams(android.view.ViewGroup$LayoutParams) -> checkLayoutParams
    876:878:void dismissPopups() -> dismissPopups
    543:552:void draw(android.graphics.Canvas) -> draw
    311:313:boolean fitSystemWindows(android.graphics.Rect) -> fitSystemWindows
    63:63:android.view.ViewGroup$LayoutParams generateDefaultLayoutParams() -> generateDefaultLayoutParams
    389:389:androidx.appcompat.widget.ActionBarOverlayLayout$LayoutParams generateDefaultLayoutParams() -> generateDefaultLayoutParams
    63:63:android.view.ViewGroup$LayoutParams generateLayoutParams(android.util.AttributeSet) -> generateLayoutParams
    394:394:androidx.appcompat.widget.ActionBarOverlayLayout$LayoutParams generateLayoutParams(android.util.AttributeSet) -> generateLayoutParams
    399:399:android.view.ViewGroup$LayoutParams generateLayoutParams(android.view.ViewGroup$LayoutParams) -> generateLayoutParams
    707:707:int getActionBarHideOffset() -> getActionBarHideOffset
androidx.appcompat.widget.ActionBarOverlayLayout$1 -> androidx.appcompat.widget.ActionBarOverlayLayout$1:
    114:114:void <init>(androidx.appcompat.widget.ActionBarOverlayLayout) -> <init>
    123:125:void onAnimationCancel(android.animation.Animator) -> onAnimationCancel
    117:119:void onAnimationEnd(android.animation.Animator) -> onAnimationEnd
androidx.appcompat.widget.ActionBarOverlayLayout$2 -> androidx.appcompat.widget.ActionBarOverlayLayout$2:
    128:128:void <init>(androidx.appcompat.widget.ActionBarOverlayLayout) -> <init>
    131:134:void run() -> run
androidx.appcompat.widget.ActionBarOverlayLayout$3 -> androidx.appcompat.widget.ActionBarOverlayLayout$3:
    137:137:void <init>(androidx.appcompat.widget.ActionBarOverlayLayout) -> <init>
    140:144:void run() -> run
androidx.appcompat.widget.ActionBarOverlayLayout$LayoutParams -> androidx.appcompat.widget.ActionBarOverlayLayout$LayoutParams:
    882:883:void <init>(android.content.Context,android.util.AttributeSet) -> <init>
    886:887:void <init>(int,int) -> <init>
    890:891:void <init>(android.view.ViewGroup$LayoutParams) -> <init>