IdentityVerification/IdentityVerificationKotlinExample/app/build/outputs/mapping/debug/usage.txt
com.transmitsecurity.idvsdkdemoapp.BuildConfig
com.transmitsecurity.idvsdkdemoapp.Constants$Companion
com.transmitsecurity.idvsdkdemoapp.Constants
com.transmitsecurity.idvsdkdemoapp.DamagedDocument
com.transmitsecurity.idvsdkdemoapp.DocumentExpired
com.transmitsecurity.idvsdkdemoapp.DocumentUnsupported
com.transmitsecurity.idvsdkdemoapp.R$color
com.transmitsecurity.idvsdkdemoapp.R$drawable
com.transmitsecurity.idvsdkdemoapp.R$font
com.transmitsecurity.idvsdkdemoapp.R$id
com.transmitsecurity.idvsdkdemoapp.R$layout
com.transmitsecurity.idvsdkdemoapp.R$mipmap
com.transmitsecurity.idvsdkdemoapp.R$string
com.transmitsecurity.idvsdkdemoapp.R$style
com.transmitsecurity.idvsdkdemoapp.R$xml
com.transmitsecurity.idvsdkdemoapp.R
com.transmitsecurity.idvsdkdemoapp.SecondFragment
com.transmitsecurity.idvsdkdemoapp.ThirdFragment
com.transmitsecurity.idvsdkdemoapp.databinding.ActivityMainBinding
com.transmitsecurity.idvsdkdemoapp.databinding.FragemntFirstBinding:
    public synthetic bridge android.view.View getRoot()
    public static com.transmitsecurity.idvsdkdemoapp.databinding.FragemntFirstBinding inflate(android.view.LayoutInflater)
com.transmitsecurity.idvsdkdemoapp.databinding.FragmentSecondBinding
com.transmitsecurity.idvsdkdemoapp.databinding.FragmentThirdBinding
com.transmitsecurity.idvsdkdemoapp.databinding.PreparationLayoutBinding:
    public synthetic bridge android.view.View getRoot()
    public static com.transmitsecurity.idvsdkdemoapp.databinding.PreparationLayoutBinding inflate(android.view.LayoutInflater)
com.transmitsecurity.idvsdkdemoapp.databinding.ScreenStatusBinding
com.transmitsecurity.idvsdkdemoapp.network.CreteSessionRequest:
    public final boolean component1()
    public final com.transmitsecurity.idvsdkdemoapp.network.CreteSessionRequest copy(boolean)
    public static synthetic com.transmitsecurity.idvsdkdemoapp.network.CreteSessionRequest copy$default(com.transmitsecurity.idvsdkdemoapp.network.CreteSessionRequest,boolean,int,java.lang.Object)
    public final boolean getAutoStart()
com.transmitsecurity.idvsdkdemoapp.network.CreteSessionResponse:
    public void <init>(java.lang.String,java.lang.String,java.lang.String,java.util.List)
    public final java.lang.String component1()
    public final java.lang.String component2()
    public final java.lang.String component3()
    public final java.util.List component4()
    public final com.transmitsecurity.idvsdkdemoapp.network.CreteSessionResponse copy(java.lang.String,java.lang.String,java.lang.String,java.util.List)
    public static synthetic com.transmitsecurity.idvsdkdemoapp.network.CreteSessionResponse copy$default(com.transmitsecurity.idvsdkdemoapp.network.CreteSessionResponse,java.lang.String,java.lang.String,java.lang.String,java.util.List,int,java.lang.Object)
    public final java.lang.String getExpiration()
    public final java.util.List getMissingImages()
    public final java.lang.String getSessionId()
com.transmitsecurity.idvsdkdemoapp.network.GetAccessTokenRequest:
    public final java.lang.String component1()
    public final java.lang.String component2()
    public final java.lang.String component3()
    public final com.transmitsecurity.idvsdkdemoapp.network.GetAccessTokenRequest copy(java.lang.String,java.lang.String,java.lang.String)
    public static synthetic com.transmitsecurity.idvsdkdemoapp.network.GetAccessTokenRequest copy$default(com.transmitsecurity.idvsdkdemoapp.network.GetAccessTokenRequest,java.lang.String,java.lang.String,java.lang.String,int,java.lang.Object)
...
androidx.camera.video.Recorder$7
androidx.camera.video.Recorder$8
androidx.camera.video.Recorder$AudioState
androidx.camera.video.Recorder$Builder
androidx.camera.video.Recorder$RecordingRecord$1
androidx.camera.video.Recorder$RecordingRecord$2
androidx.camera.video.Recorder$RecordingRecord$AudioSourceSupplier
androidx.camera.video.Recorder$RecordingRecord$MediaMuxerSupplier
androidx.camera.video.Recorder$RecordingRecord
androidx.camera.video.Recorder$State
androidx.camera.video.Recorder
androidx.camera.video.RecorderVideoCapabilities$CapabilitiesByQuality
androidx.camera.video.RecorderVideoCapabilities
androidx.camera.video.Recording
androidx.camera.video.RecordingStats
androidx.camera.video.StreamInfo$StreamState
androidx.camera.video.StreamInfo
androidx.camera.video.VideoCapabilities$1
androidx.camera.video.VideoCapabilities
androidx.camera.video.VideoCapture$1
androidx.camera.video.VideoCapture$2
androidx.camera.video.VideoCapture$3
androidx.camera.video.VideoCapture$Builder
androidx.camera.video.VideoCapture$Defaults
androidx.camera.video.VideoCapture
androidx.camera.video.VideoEncoderSession$1
androidx.camera.video.VideoEncoderSession$2
androidx.camera.video.VideoEncoderSession$VideoEncoderState
androidx.camera.video.VideoEncoderSession
androidx.camera.video.VideoOutput$SourceState
androidx.camera.video.VideoOutput
androidx.camera.video.VideoRecordEvent$Finalize$VideoRecordError
androidx.camera.video.VideoRecordEvent$Finalize
androidx.camera.video.VideoRecordEvent$Pause
androidx.camera.video.VideoRecordEvent$Resume
androidx.camera.video.VideoRecordEvent$Start
androidx.camera.video.VideoRecordEvent$Status
androidx.camera.video.VideoRecordEvent
androidx.camera.video.VideoSpec$Builder
androidx.camera.video.VideoSpec
androidx.camera.video.impl.VideoCaptureConfig
androidx.camera.video.impl.package-info
androidx.camera.video.internal.AutoValue_VideoValidatedEncoderProfilesProxy
androidx.camera.video.internal.BackupHdrProfileEncoderProfilesProvider
androidx.camera.video.internal.BufferProvider$State
androidx.camera.video.internal.BufferProvider
androidx.camera.video.internal.DebugUtils
androidx.camera.video.internal.DynamicRangeMatchedEncoderProfilesProvider
androidx.camera.video.internal.SharedByteBuffer
androidx.camera.video.internal.VideoValidatedEncoderProfilesProxy
androidx.camera.video.internal.audio.AudioSettings$Builder
androidx.camera.video.internal.audio.AudioSettings
androidx.camera.video.internal.audio.AudioSource$1
androidx.camera.video.internal.audio.AudioSource$2
androidx.camera.video.internal.audio.AudioSource$3
androidx.camera.video.internal.audio.AudioSource$AudioSourceCallback
androidx.camera.video.internal.audio.AudioSource$AudioStreamCallback
androidx.camera.video.internal.audio.AudioSource$InternalState
androidx.camera.video.internal.audio.AudioSource
androidx.camera.video.internal.audio.AudioSourceAccessException
androidx.camera.video.internal.audio.AudioStream$AudioStreamCallback
androidx.camera.video.internal.audio.AudioStream$AudioStreamException
androidx.camera.video.internal.audio.AudioStream$PacketInfo
androidx.camera.video.internal.audio.AudioStream
androidx.camera.video.internal.audio.AudioStreamFactory
androidx.camera.video.internal.audio.AudioStreamImpl$AudioRecordingApi29Callback
androidx.camera.video.internal.audio.AudioStreamImpl
androidx.camera.video.internal.audio.AudioUtils
androidx.camera.video.internal.audio.AutoValue_AudioSettings$1
androidx.camera.video.internal.audio.AutoValue_AudioSettings$Builder
androidx.camera.video.internal.audio.AutoValue_AudioSettings
androidx.camera.video.internal.audio.AutoValue_AudioStream_PacketInfo
androidx.camera.video.internal.audio.SilentAudioStream
androidx.camera.video.internal.audio.package-info
androidx.camera.video.internal.compat.Api23Impl
androidx.camera.video.internal.compat.Api24Impl
androidx.camera.video.internal.compat.Api26Impl
androidx.camera.video.internal.compat.Api28Impl
androidx.camera.video.internal.compat.Api29Impl